Info: Starting: Create block symbol file (.bsf)
Info: ip-generate --project-directory=C:/Users/lim14/coe4ds4_lab5_2020/coe4ds4_lab5_2020/experiment2/ --output-directory=C:/Users/lim14/coe4ds4_lab5_2020/coe4ds4_lab5_2020/experiment2/experiment2/ --report-file=bsf:C:/Users/lim14/coe4ds4_lab5_2020/coe4ds4_lab5_2020/experiment2/experiment2.bsf --system-info=DEVICE_FAMILY="Cyclone II" --system-info=DEVICE=EP2C35F672C6 --system-info=DEVICE_SPEEDGRADE=6 --component-file=C:/Users/lim14/coe4ds4_lab5_2020/coe4ds4_lab5_2020/experiment2/experiment2.qsys
Progress: Loading experiment2/experiment2.qsys
Progress: Reading input file
Progress: Adding CLOCK_50_I [clock_source 12.0]
Progress: Parameterizing module CLOCK_50_I
Progress: Adding cpu_0 [altera_nios2_qsys 12.0]
Progress: Parameterizing module cpu_0
Progress: Adding sram_0 [altera_up_avalon_sram 12.0]
Progress: Parameterizing module sram_0
Progress: Adding jtag_uart_0 [altera_avalon_jtag_uart 12.0]
Progress: Parameterizing module jtag_uart_0
Progress: Adding SWITCH_I [altera_avalon_pio 12.0]
Progress: Parameterizing module SWITCH_I
Progress: Adding PUSH_BUTTON_I [altera_avalon_pio 12.0]
Progress: Parameterizing module PUSH_BUTTON_I
Progress: Adding LED_RED_O [altera_avalon_pio 12.0]
Progress: Parameterizing module LED_RED_O
Progress: Adding LED_GREEN_O [altera_avalon_pio 12.0]
Progress: Parameterizing module LED_GREEN_O
Progress: Adding custom_counter_component_0 [custom_counter_component 1.0]
Progress: Parameterizing module custom_counter_component_0
Progress: Adding custom_dram_component_0 [custom_dram_component 1.0]
Progress: Parameterizing module custom_dram_component_0
Progress: Building connections
Progress: Parameterizing connections
Progress: Validating
Progress: Done reading input file
Info: experiment2.SWITCH_I: PIO inputs are not hardwired in test bench. Undefined values will be read from PIO inputs during simulation.
Info: experiment2.PUSH_BUTTON_I: PIO inputs are not hardwired in test bench. Undefined values will be read from PIO inputs during simulation.
Info: ip-generate succeeded.
Info: Finished: Create block symbol file (.bsf)
Info: 
Info: Starting: Create HDL design files for synthesis
Info: ip-generate --project-directory=C:/Users/lim14/coe4ds4_lab5_2020/coe4ds4_lab5_2020/experiment2/ --output-directory=C:/Users/lim14/coe4ds4_lab5_2020/coe4ds4_lab5_2020/experiment2/experiment2/synthesis/ --file-set=QUARTUS_SYNTH --report-file=sopcinfo:C:/Users/lim14/coe4ds4_lab5_2020/coe4ds4_lab5_2020/experiment2/experiment2.sopcinfo --report-file=html:C:/Users/lim14/coe4ds4_lab5_2020/coe4ds4_lab5_2020/experiment2/experiment2.html --report-file=qip:C:/Users/lim14/coe4ds4_lab5_2020/coe4ds4_lab5_2020/experiment2/experiment2/synthesis/experiment2.qip --system-info=DEVICE_FAMILY="Cyclone II" --system-info=DEVICE=EP2C35F672C6 --system-info=DEVICE_SPEEDGRADE=6 --component-file=C:/Users/lim14/coe4ds4_lab5_2020/coe4ds4_lab5_2020/experiment2/experiment2.qsys
Progress: Loading experiment2/experiment2.qsys
Progress: Reading input file
Progress: Adding CLOCK_50_I [clock_source 12.0]
Progress: Parameterizing module CLOCK_50_I
Progress: Adding cpu_0 [altera_nios2_qsys 12.0]
Progress: Parameterizing module cpu_0
Progress: Adding sram_0 [altera_up_avalon_sram 12.0]
Progress: Parameterizing module sram_0
Progress: Adding jtag_uart_0 [altera_avalon_jtag_uart 12.0]
Progress: Parameterizing module jtag_uart_0
Progress: Adding SWITCH_I [altera_avalon_pio 12.0]
Progress: Parameterizing module SWITCH_I
Progress: Adding PUSH_BUTTON_I [altera_avalon_pio 12.0]
Progress: Parameterizing module PUSH_BUTTON_I
Progress: Adding LED_RED_O [altera_avalon_pio 12.0]
Progress: Parameterizing module LED_RED_O
Progress: Adding LED_GREEN_O [altera_avalon_pio 12.0]
Progress: Parameterizing module LED_GREEN_O
Progress: Adding custom_counter_component_0 [custom_counter_component 1.0]
Progress: Parameterizing module custom_counter_component_0
Progress: Adding custom_dram_component_0 [custom_dram_component 1.0]
Progress: Parameterizing module custom_dram_component_0
Progress: Building connections
Progress: Parameterizing connections
Progress: Validating
Progress: Done reading input file
Info: experiment2.SWITCH_I: PIO inputs are not hardwired in test bench. Undefined values will be read from PIO inputs during simulation.
Info: experiment2.PUSH_BUTTON_I: PIO inputs are not hardwired in test bench. Undefined values will be read from PIO inputs during simulation.
Info: experiment2: Generating experiment2 "experiment2" for QUARTUS_SYNTH
Info: pipeline_bridge_swap_transform: After transform: 10 modules, 42 connections
Info: No custom instruction connections, skipping transform 
Info: merlin_translator_transform: After transform: 21 modules, 86 connections
Info: merlin_domain_transform: After transform: 42 modules, 228 connections
Info: merlin_router_transform: After transform: 53 modules, 272 connections
Info: merlin_burst_transform: After transform: 54 modules, 276 connections
Info: reset_adaptation_transform: After transform: 55 modules, 216 connections
Info: merlin_network_to_switch_transform: After transform: 76 modules, 260 connections
Info: merlin_width_transform: After transform: 78 modules, 266 connections
Info: merlin_interrupt_mapper_transform: After transform: 79 modules, 269 connections
Info: cpu_0: Starting RTL generation for module 'experiment2_cpu_0'
Info: cpu_0:   Generation command is [exec C:/altera/12.0/quartus/../ip/altera/nios2_ip/altera_nios2/eperl.exe -I C:/altera/12.0/quartus/common/ip/altera/common/perl/5.8.3 -I C:/altera/12.0/quartus/sopc_builder/bin/europa -I C:/altera/12.0/quartus/sopc_builder/bin/perl_lib -I C:/altera/12.0/quartus/sopc_builder/bin -I C:/altera/12.0/quartus/../ip/altera/nios2_ip/altera_nios2/cpu_lib -I C:/altera/12.0/quartus/../ip/altera/nios2_ip/altera_nios2/nios_lib -I C:/altera/12.0/quartus/../ip/altera/nios2_ip/altera_nios2 -I C:/altera/12.0/quartus/../ip/altera/nios2_ip/altera_nios2 -- C:/altera/12.0/quartus/../ip/altera/nios2_ip/altera_nios2/generate_rtl.epl --name=experiment2_cpu_0 --dir=C:/Users/lim14/AppData/Local/Temp/alt8321_3927395447663064330.dir/0029_cpu_0_gen/ --quartus_dir=C:/altera/12.0/quartus --verilog --config=C:/Users/lim14/AppData/Local/Temp/alt8321_3927395447663064330.dir/0029_cpu_0_gen//experiment2_cpu_0_processor_configuration.pl  --do_build_sim=0    --bogus  ]
Info: cpu_0: # 2020.02.29 10:37:28 (*) Starting Nios II generation
Info: cpu_0: # 2020.02.29 10:37:28 (*)   No license required to generate encrypted Nios II/e.
Info: cpu_0: # 2020.02.29 10:37:28 (*)   Elaborating CPU configuration settings
Info: cpu_0: # 2020.02.29 10:37:28 (*)   Creating all objects for CPU
Info: cpu_0: # 2020.02.29 10:37:28 (*)   Generating RTL from CPU objects
Info: cpu_0: # 2020.02.29 10:37:28 (*)   Creating plain-text RTL
Info: cpu_0: # 2020.02.29 10:37:29 (*) Done Nios II generation
Info: cpu_0: Done RTL generation for module 'experiment2_cpu_0'
Info: cpu_0: "experiment2" instantiated altera_nios2_qsys "cpu_0"
Info: sram_0: Starting Generation of SRAM or SSRAM Controller
Info: sram_0: "experiment2" instantiated altera_up_avalon_sram "sram_0"
Info: Starting classic module elaboration.
Qt: Untested Windows version 6.2 detected!
"c:/altera/12.0/quartus/bin/jre/bin/java.exe" -Xmx512M -classpath "c:/altera/12.0/quartus/sopc_builder/bin/sopc_builder.jar;c:/altera/12.0/quartus/sopc_builder/bin/PinAssigner.jar;c:/altera/12.0/quartus/sopc_builder/bin/sopc_wizard.jar;c:/altera/12.0/quartus/sopc_builder/bin/jptf.jar" sopc_builder.sopc_builder  -d"c:/altera/12.0/quartus/sopc_builder" -notalkback=1 -projectnameyysystem.qpf -projectpathC:/Users/lim14/AppData/Local/Temp/alt8321_3927395447663064330.dir/0031_sopclgen  --no_splash --refresh C:/Users/lim14/AppData/Local/Temp/alt8321_3927395447663064330.dir/0031_sopclgen/yysystem.v --quartus_dir="c:/altera/12.0/quartus" --sopc_perl="c:/altera/12.0/quartus/bin/perl" --sopc_lib_path="++c:/altera/12.0/quartus/../ip/altera/sopc_builder_ip+c:/altera/12.0/quartus/../ip/altera/nios2_ip"
Info: Finished elaborating classic module.
Executing: C:/altera/12.0/quartus//sopc_builder/bin/sopc_builder --classic --generate C:/Users/lim14/AppData/Local/Temp/alt8321_3927395447663064330.dir/0031_sopclgen/yysystem.ptf
Info: Running sopc_builder...
Qt: Untested Windows version 6.2 detected!
"c:/altera/12.0/quartus/bin/jre/bin/java.exe" -Xmx512M -classpath "c:/altera/12.0/quartus/sopc_builder/bin/sopc_builder.jar;c:/altera/12.0/quartus/sopc_builder/bin/PinAssigner.jar;c:/altera/12.0/quartus/sopc_builder/bin/sopc_wizard.jar;c:/altera/12.0/quartus/sopc_builder/bin/jptf.jar" sopc_builder.sopc_builder  -d"c:/altera/12.0/quartus/sopc_builder" -notalkback=1 -projectnameyysystem.qpf -projectpathC:/Users/lim14/AppData/Local/Temp/alt8321_3927395447663064330.dir/0031_sopclgen  --generate C:/Users/lim14/AppData/Local/Temp/alt8321_3927395447663064330.dir/0031_sopclgen/yysystem.v --quartus_dir="c:/altera/12.0/quartus" --sopc_perl="c:/altera/12.0/quartus/bin/perl" --sopc_lib_path="++c:/altera/12.0/quartus/../ip/altera/sopc_builder_ip+c:/altera/12.0/quartus/../ip/altera/nios2_ip"
No .sopc_builder configuration file(!)
.
# 2020.02.29 10:37:34 (*) Success: sopc_builder finished.
Info: jtag_uart_0: "experiment2" instantiated altera_avalon_jtag_uart "jtag_uart_0"
Info: Starting classic module elaboration.
Qt: Untested Windows version 6.2 detected!
"c:/altera/12.0/quartus/bin/jre/bin/java.exe" -Xmx512M -classpath "c:/altera/12.0/quartus/sopc_builder/bin/sopc_builder.jar;c:/altera/12.0/quartus/sopc_builder/bin/PinAssigner.jar;c:/altera/12.0/quartus/sopc_builder/bin/sopc_wizard.jar;c:/altera/12.0/quartus/sopc_builder/bin/jptf.jar" sopc_builder.sopc_builder  -d"c:/altera/12.0/quartus/sopc_builder" -notalkback=1 -projectnameyysystem.qpf -projectpathC:/Users/lim14/AppData/Local/Temp/alt8321_3927395447663064330.dir/0032_sopclgen  --no_splash --refresh C:/Users/lim14/AppData/Local/Temp/alt8321_3927395447663064330.dir/0032_sopclgen/yysystem.v --quartus_dir="c:/altera/12.0/quartus" --sopc_perl="c:/altera/12.0/quartus/bin/perl" --sopc_lib_path="++c:/altera/12.0/quartus/../ip/altera/sopc_builder_ip+c:/altera/12.0/quartus/../ip/altera/nios2_ip"
Info: Finished elaborating classic module.
Executing: C:/altera/12.0/quartus//sopc_builder/bin/sopc_builder --classic --generate C:/Users/lim14/AppData/Local/Temp/alt8321_3927395447663064330.dir/0032_sopclgen/yysystem.ptf
Info: Running sopc_builder...
Qt: Untested Windows version 6.2 detected!
"c:/altera/12.0/quartus/bin/jre/bin/java.exe" -Xmx512M -classpath "c:/altera/12.0/quartus/sopc_builder/bin/sopc_builder.jar;c:/altera/12.0/quartus/sopc_builder/bin/PinAssigner.jar;c:/altera/12.0/quartus/sopc_builder/bin/sopc_wizard.jar;c:/altera/12.0/quartus/sopc_builder/bin/jptf.jar" sopc_builder.sopc_builder  -d"c:/altera/12.0/quartus/sopc_builder" -notalkback=1 -projectnameyysystem.qpf -projectpathC:/Users/lim14/AppData/Local/Temp/alt8321_3927395447663064330.dir/0032_sopclgen  --generate C:/Users/lim14/AppData/Local/Temp/alt8321_3927395447663064330.dir/0032_sopclgen/yysystem.v --quartus_dir="c:/altera/12.0/quartus" --sopc_perl="c:/altera/12.0/quartus/bin/perl" --sopc_lib_path="++c:/altera/12.0/quartus/../ip/altera/sopc_builder_ip+c:/altera/12.0/quartus/../ip/altera/nios2_ip"
No .sopc_builder configuration file(!)
.
# 2020.02.29 10:37:39 (*) Success: sopc_builder finished.
Info: SWITCH_I: "experiment2" instantiated altera_avalon_pio "SWITCH_I"
Info: Starting classic module elaboration.
Qt: Untested Windows version 6.2 detected!
"c:/altera/12.0/quartus/bin/jre/bin/java.exe" -Xmx512M -classpath "c:/altera/12.0/quartus/sopc_builder/bin/sopc_builder.jar;c:/altera/12.0/quartus/sopc_builder/bin/PinAssigner.jar;c:/altera/12.0/quartus/sopc_builder/bin/sopc_wizard.jar;c:/altera/12.0/quartus/sopc_builder/bin/jptf.jar" sopc_builder.sopc_builder  -d"c:/altera/12.0/quartus/sopc_builder" -notalkback=1 -projectnameyysystem.qpf -projectpathC:/Users/lim14/AppData/Local/Temp/alt8321_3927395447663064330.dir/0033_sopclgen  --no_splash --refresh C:/Users/lim14/AppData/Local/Temp/alt8321_3927395447663064330.dir/0033_sopclgen/yysystem.v --quartus_dir="c:/altera/12.0/quartus" --sopc_perl="c:/altera/12.0/quartus/bin/perl" --sopc_lib_path="++c:/altera/12.0/quartus/../ip/altera/sopc_builder_ip+c:/altera/12.0/quartus/../ip/altera/nios2_ip"
Info: Finished elaborating classic module.
Executing: C:/altera/12.0/quartus//sopc_builder/bin/sopc_builder --classic --generate C:/Users/lim14/AppData/Local/Temp/alt8321_3927395447663064330.dir/0033_sopclgen/yysystem.ptf
Info: Running sopc_builder...
Qt: Untested Windows version 6.2 detected!
"c:/altera/12.0/quartus/bin/jre/bin/java.exe" -Xmx512M -classpath "c:/altera/12.0/quartus/sopc_builder/bin/sopc_builder.jar;c:/altera/12.0/quartus/sopc_builder/bin/PinAssigner.jar;c:/altera/12.0/quartus/sopc_builder/bin/sopc_wizard.jar;c:/altera/12.0/quartus/sopc_builder/bin/jptf.jar" sopc_builder.sopc_builder  -d"c:/altera/12.0/quartus/sopc_builder" -notalkback=1 -projectnameyysystem.qpf -projectpathC:/Users/lim14/AppData/Local/Temp/alt8321_3927395447663064330.dir/0033_sopclgen  --generate C:/Users/lim14/AppData/Local/Temp/alt8321_3927395447663064330.dir/0033_sopclgen/yysystem.v --quartus_dir="c:/altera/12.0/quartus" --sopc_perl="c:/altera/12.0/quartus/bin/perl" --sopc_lib_path="++c:/altera/12.0/quartus/../ip/altera/sopc_builder_ip+c:/altera/12.0/quartus/../ip/altera/nios2_ip"
No .sopc_builder configuration file(!)
.
# 2020.02.29 10:37:43 (*) Success: sopc_builder finished.
Info: PUSH_BUTTON_I: "experiment2" instantiated altera_avalon_pio "PUSH_BUTTON_I"
Info: Starting classic module elaboration.
Qt: Untested Windows version 6.2 detected!
"c:/altera/12.0/quartus/bin/jre/bin/java.exe" -Xmx512M -classpath "c:/altera/12.0/quartus/sopc_builder/bin/sopc_builder.jar;c:/altera/12.0/quartus/sopc_builder/bin/PinAssigner.jar;c:/altera/12.0/quartus/sopc_builder/bin/sopc_wizard.jar;c:/altera/12.0/quartus/sopc_builder/bin/jptf.jar" sopc_builder.sopc_builder  -d"c:/altera/12.0/quartus/sopc_builder" -notalkback=1 -projectnameyysystem.qpf -projectpathC:/Users/lim14/AppData/Local/Temp/alt8321_3927395447663064330.dir/0034_sopclgen  --no_splash --refresh C:/Users/lim14/AppData/Local/Temp/alt8321_3927395447663064330.dir/0034_sopclgen/yysystem.v --quartus_dir="c:/altera/12.0/quartus" --sopc_perl="c:/altera/12.0/quartus/bin/perl" --sopc_lib_path="++c:/altera/12.0/quartus/../ip/altera/sopc_builder_ip+c:/altera/12.0/quartus/../ip/altera/nios2_ip"
Info: Finished elaborating classic module.
Executing: C:/altera/12.0/quartus//sopc_builder/bin/sopc_builder --classic --generate C:/Users/lim14/AppData/Local/Temp/alt8321_3927395447663064330.dir/0034_sopclgen/yysystem.ptf
Info: Running sopc_builder...
Qt: Untested Windows version 6.2 detected!
"c:/altera/12.0/quartus/bin/jre/bin/java.exe" -Xmx512M -classpath "c:/altera/12.0/quartus/sopc_builder/bin/sopc_builder.jar;c:/altera/12.0/quartus/sopc_builder/bin/PinAssigner.jar;c:/altera/12.0/quartus/sopc_builder/bin/sopc_wizard.jar;c:/altera/12.0/quartus/sopc_builder/bin/jptf.jar" sopc_builder.sopc_builder  -d"c:/altera/12.0/quartus/sopc_builder" -notalkback=1 -projectnameyysystem.qpf -projectpathC:/Users/lim14/AppData/Local/Temp/alt8321_3927395447663064330.dir/0034_sopclgen  --generate C:/Users/lim14/AppData/Local/Temp/alt8321_3927395447663064330.dir/0034_sopclgen/yysystem.v --quartus_dir="c:/altera/12.0/quartus" --sopc_perl="c:/altera/12.0/quartus/bin/perl" --sopc_lib_path="++c:/altera/12.0/quartus/../ip/altera/sopc_builder_ip+c:/altera/12.0/quartus/../ip/altera/nios2_ip"
No .sopc_builder configuration file(!)
.
# 2020.02.29 10:37:48 (*) Success: sopc_builder finished.
Info: LED_RED_O: "experiment2" instantiated altera_avalon_pio "LED_RED_O"
Info: Starting classic module elaboration.
Qt: Untested Windows version 6.2 detected!
"c:/altera/12.0/quartus/bin/jre/bin/java.exe" -Xmx512M -classpath "c:/altera/12.0/quartus/sopc_builder/bin/sopc_builder.jar;c:/altera/12.0/quartus/sopc_builder/bin/PinAssigner.jar;c:/altera/12.0/quartus/sopc_builder/bin/sopc_wizard.jar;c:/altera/12.0/quartus/sopc_builder/bin/jptf.jar" sopc_builder.sopc_builder  -d"c:/altera/12.0/quartus/sopc_builder" -notalkback=1 -projectnameyysystem.qpf -projectpathC:/Users/lim14/AppData/Local/Temp/alt8321_3927395447663064330.dir/0035_sopclgen  --no_splash --refresh C:/Users/lim14/AppData/Local/Temp/alt8321_3927395447663064330.dir/0035_sopclgen/yysystem.v --quartus_dir="c:/altera/12.0/quartus" --sopc_perl="c:/altera/12.0/quartus/bin/perl" --sopc_lib_path="++c:/altera/12.0/quartus/../ip/altera/sopc_builder_ip+c:/altera/12.0/quartus/../ip/altera/nios2_ip"
Info: Finished elaborating classic module.
Executing: C:/altera/12.0/quartus//sopc_builder/bin/sopc_builder --classic --generate C:/Users/lim14/AppData/Local/Temp/alt8321_3927395447663064330.dir/0035_sopclgen/yysystem.ptf
Info: Running sopc_builder...
Qt: Untested Windows version 6.2 detected!
"c:/altera/12.0/quartus/bin/jre/bin/java.exe" -Xmx512M -classpath "c:/altera/12.0/quartus/sopc_builder/bin/sopc_builder.jar;c:/altera/12.0/quartus/sopc_builder/bin/PinAssigner.jar;c:/altera/12.0/quartus/sopc_builder/bin/sopc_wizard.jar;c:/altera/12.0/quartus/sopc_builder/bin/jptf.jar" sopc_builder.sopc_builder  -d"c:/altera/12.0/quartus/sopc_builder" -notalkback=1 -projectnameyysystem.qpf -projectpathC:/Users/lim14/AppData/Local/Temp/alt8321_3927395447663064330.dir/0035_sopclgen  --generate C:/Users/lim14/AppData/Local/Temp/alt8321_3927395447663064330.dir/0035_sopclgen/yysystem.v --quartus_dir="c:/altera/12.0/quartus" --sopc_perl="c:/altera/12.0/quartus/bin/perl" --sopc_lib_path="++c:/altera/12.0/quartus/../ip/altera/sopc_builder_ip+c:/altera/12.0/quartus/../ip/altera/nios2_ip"
No .sopc_builder configuration file(!)
.
# 2020.02.29 10:37:52 (*) Success: sopc_builder finished.
Info: LED_GREEN_O: "experiment2" instantiated altera_avalon_pio "LED_GREEN_O"
Info: custom_counter_component_0: "experiment2" instantiated custom_counter_component "custom_counter_component_0"
Info: custom_dram_component_0: "experiment2" instantiated custom_dram_component "custom_dram_component_0"
Info: cpu_0_instruction_master_translator: "experiment2" instantiated altera_merlin_master_translator "cpu_0_instruction_master_translator"
Info: cpu_0_jtag_debug_module_translator: "experiment2" instantiated altera_merlin_slave_translator "cpu_0_jtag_debug_module_translator"
Info: cpu_0_instruction_master_translator_avalon_universal_master_0_agent: "experiment2" instantiated altera_merlin_master_agent "cpu_0_instruction_master_translator_avalon_universal_master_0_agent"
Info: cpu_0_jtag_debug_module_translator_avalon_universal_slave_0_agent: "experiment2" instantiated altera_merlin_slave_agent "cpu_0_jtag_debug_module_translator_avalon_universal_slave_0_agent"
Info: cpu_0_jtag_debug_module_translator_avalon_universal_slave_0_agent_rsp_fifo: "experiment2" instantiated altera_avalon_sc_fifo "cpu_0_jtag_debug_module_translator_avalon_universal_slave_0_agent_rsp_fifo"
Info: addr_router: "experiment2" instantiated altera_merlin_router "addr_router"
Info: addr_router_001: "experiment2" instantiated altera_merlin_router "addr_router_001"
Info: id_router: "experiment2" instantiated altera_merlin_router "id_router"
Info: id_router_001: "experiment2" instantiated altera_merlin_router "id_router_001"
Info: id_router_002: "experiment2" instantiated altera_merlin_router "id_router_002"
Info: burst_adapter: "experiment2" instantiated altera_merlin_burst_adapter "burst_adapter"
Info: rst_controller: "experiment2" instantiated altera_reset_controller "rst_controller"
Info: cmd_xbar_demux: "experiment2" instantiated altera_merlin_demultiplexer "cmd_xbar_demux"
Info: cmd_xbar_demux_001: "experiment2" instantiated altera_merlin_demultiplexer "cmd_xbar_demux_001"
Info: cmd_xbar_mux: "experiment2" instantiated altera_merlin_multiplexer "cmd_xbar_mux"
Info: rsp_xbar_demux_002: "experiment2" instantiated altera_merlin_demultiplexer "rsp_xbar_demux_002"
Info: rsp_xbar_mux: "experiment2" instantiated altera_merlin_multiplexer "rsp_xbar_mux"
Info: Reusing file C:/Users/lim14/coe4ds4_lab5_2020/coe4ds4_lab5_2020/experiment2/experiment2/synthesis/submodules/altera_merlin_arbitrator.sv
Info: rsp_xbar_mux_001: "experiment2" instantiated altera_merlin_multiplexer "rsp_xbar_mux_001"
Info: Reusing file C:/Users/lim14/coe4ds4_lab5_2020/coe4ds4_lab5_2020/experiment2/experiment2/synthesis/submodules/altera_merlin_arbitrator.sv
Info: width_adapter: "experiment2" instantiated altera_merlin_width_adapter "width_adapter"
Info: Reusing file C:/Users/lim14/coe4ds4_lab5_2020/coe4ds4_lab5_2020/experiment2/experiment2/synthesis/submodules/altera_merlin_burst_uncompressor.sv
Info: irq_mapper: "experiment2" instantiated altera_irq_mapper "irq_mapper"
Info: experiment2: Done experiment2" with 30 modules, 100 files, 1858543 bytes
Info: ip-generate succeeded.
Info: Finished: Create HDL design files for synthesis
